0 info it worked if it ends with ok
1 verbose cli [ 'C:\\Program Files\\nodejs\\node.exe',
1 verbose cli   'C:\\Program Files\\nodejs\\node_modules\\npm\\bin\\npm-cli.js',
1 verbose cli   'start' ]
2 info using npm@4.1.2
3 info using node@v7.7.1
4 verbose run-script [ 'prestart', 'start', 'poststart' ]
5 info lifecycle angular-phonecat@0.0.0~prestart: angular-phonecat@0.0.0
6 verbose lifecycle angular-phonecat@0.0.0~prestart: unsafe-perm in lifecycle true
7 verbose lifecycle angular-phonecat@0.0.0~prestart: PATH: C:\Program Files\nodejs\node_modules\npm\bin\node-gyp-bin;C:\Users\tranl\traning-2016\Angular\Phone Store Project\node_modules\.bin;C:\Users\tranl\bin;C:\Program Files\Git\mingw64\bin;C:\Program Files\Git\usr\local\bin;C:\Program Files\Git\usr\bin;C:\Program Files\Git\usr\bin;C:\Program Files\Git\mingw64\bin;C:\Program Files\Git\usr\bin;C:\Users\tranl\bin;C:\Python27;C:\Python27\Scripts;C:\Program Files (x86)\OpenSSH\bin;C:\Program Files (x86)\Skype\Phone;C:\Program Files\Git\cmd;C:\Program Files\nodejs;C:\ProgramData\chocolatey\bin;C:\Users\tranl\AppData\Local\Programs\Python\Python35-32\Scripts;C:\Users\tranl\AppData\Local\Programs\Python\Python35-32;C:\Users\tranl\AppData\Local\Microsoft\WindowsApps;C:\Program Files (x86)\Nmap;C:\Program Files (x86)\Microsoft VS Code\bin;C:\ProgramData\tranl\atom\bin;C:\Users\tranl\AppData\Roaming\npm;C:\Program Files\Git\usr\bin\vendor_perl;C:\Program Files\Git\usr\bin\core_perl
8 verbose lifecycle angular-phonecat@0.0.0~prestart: CWD: C:\Users\tranl\traning-2016\Angular\Phone Store Project
9 silly lifecycle angular-phonecat@0.0.0~prestart: Args: [ '/d /s /c', 'npm install' ]
10 silly lifecycle angular-phonecat@0.0.0~prestart: Returned: code: 3221225786  signal: null
11 info lifecycle angular-phonecat@0.0.0~prestart: Failed to exec prestart script
12 verbose stack Error: angular-phonecat@0.0.0 prestart: `npm install`
12 verbose stack Exit status 3221225786
12 verbose stack     at EventEmitter.<anonymous> (C:\Program Files\nodejs\node_modules\npm\lib\utils\lifecycle.js:279:16)
12 verbose stack     at emitTwo (events.js:106:13)
12 verbose stack     at EventEmitter.emit (events.js:194:7)
12 verbose stack     at ChildProcess.<anonymous> (C:\Program Files\nodejs\node_modules\npm\lib\utils\spawn.js:40:14)
12 verbose stack     at emitTwo (events.js:106:13)
12 verbose stack     at ChildProcess.emit (events.js:194:7)
12 verbose stack     at maybeClose (internal/child_process.js:899:16)
12 verbose stack     at Process.ChildProcess._handle.onexit (internal/child_process.js:226:5)
13 verbose pkgid angular-phonecat@0.0.0
14 verbose cwd C:\Users\tranl\traning-2016\Angular\Phone Store Project
15 error Windows_NT 10.0.14393
16 error argv "C:\\Program Files\\nodejs\\node.exe" "C:\\Program Files\\nodejs\\node_modules\\npm\\bin\\npm-cli.js" "start"
17 error node v7.7.1
18 error npm  v4.1.2
19 error code ELIFECYCLE
20 error angular-phonecat@0.0.0 prestart: `npm install`
20 error Exit status 3221225786
21 error Failed at the angular-phonecat@0.0.0 prestart script 'npm install'.
21 error Make sure you have the latest version of node.js and npm installed.
21 error If you do, this is most likely a problem with the angular-phonecat package,
21 error not with npm itself.
21 error Tell the author that this fails on your system:
21 error     npm install
21 error You can get information on how to open an issue for this project with:
21 error     npm bugs angular-phonecat
21 error Or if that isn't available, you can get their info via:
21 error     npm owner ls angular-phonecat
21 error There is likely additional logging output above.
22 verbose exit [ 1, true ]
